<?xml version="1.0" encoding="UTF-8"?>
<!-- Generated by org.testng.reporters.JUnitXMLReporter -->
<testsuite hostname="vmt10285" ignored="0" name="Default test" tests="3" failures="0" timestamp="2021-04-12T21:47:32 IST" time="0.068" errors="0">
  <testcase name="testcase2" time="0.011" classname="com.valuemomentum.retail.testautomation.tests.DependsOnMethod"/>
  <testcase name="testcase3" time="0.001" classname="com.valuemomentum.retail.testautomation.tests.DependsOnMethod"/>
  <testcase name="testcase1" time="0.002" classname="com.valuemomentum.retail.testautomation.tests.DependsOnMethod"/>
</testsuite> <!-- Default test -->
